# JRE version: Java(TM) SE Runtime Environment (8.0_65-b17) (build 1.8.0_65-b17)
# Java VM: Java HotSpot(TM) 64-Bit Server VM (25.65-b01 mixed mode windows-amd64 compressed oops)
Heap:
 PSYoungGen      total 58880K, used 9749K [0x00000000eab00000, 0x00000000f0800000, 0x0000000100000000)
  eden space 52224K, 6% used [0x00000000eab00000,0x00000000eae26828,0x00000000ede00000)
  from space 6656K, 98% used [0x00000000ede00000,0x00000000ee45eda0,0x00000000ee480000)
  to   space 9216K, 0% used [0x00000000eff00000,0x00000000eff00000,0x00000000f0800000)
 ParOldGen       total 28160K, used 8014K [0x00000000c0000000, 0x00000000c1b80000, 0x00000000eab00000)
  object space 28160K, 28% used [0x00000000c0000000,0x00000000c07d3918,0x00000000c1b80000)
 Metaspace       used 26170K, capacity 26598K, committed 26928K, reserved 1073152K
  class space    used 3701K, capacity 3868K, committed 3888K, reserved 1048576K
GC Heap History (10 events):
Event: 2.777 GC heap before
{Heap before GC invocations=6 (full 0):
 PSYoungGen      total 28672K, used 28656K [0x00000000eab00000, 0x00000000eea00000, 0x0000000100000000)
  eden space 26624K, 100% used [0x00000000eab00000,0x00000000ec500000,0x00000000ec500000)
  from space 2048K, 99% used [0x00000000ec500000,0x00000000ec6fc010,0x00000000ec700000)
  to   space 5632K, 0% used [0x00000000ee480000,0x00000000ee480000,0x00000000eea00000)
 ParOldGen       total 35840K, used 5849K [0x00000000c0000000, 0x00000000c2300000, 0x00000000eab00000)
  object space 35840K, 16% used [0x00000000c0000000,0x00000000c05b67f8,0x00000000c2300000)
 Metaspace       used 14561K, capacity 14868K, committed 15104K, reserved 1062912K
  class space    used 2125K, capacity 2210K, committed 2304K, reserved 1048576K
Event: 2.785 GC heap after
Heap after GC invocations=6 (full 0):
 PSYoungGen      total 57856K, used 5485K [0x00000000eab00000, 0x00000000eec00000, 0x0000000100000000)
  eden space 52224K, 0% used [0x00000000eab00000,0x00000000eab00000,0x00000000ede00000)
  from space 5632K, 97% used [0x00000000ee480000,0x00000000ee9db730,0x00000000eea00000)
  to   space 6656K, 0% used [0x00000000ede00000,0x00000000ede00000,0x00000000ee480000)
 ParOldGen       total 35840K, used 5857K [0x00000000c0000000, 0x00000000c2300000, 0x00000000eab00000)
  object space 35840K, 16% used [0x00000000c0000000,0x00000000c05b87f8,0x00000000c2300000)
 Metaspace       used 14561K, capacity 14868K, committed 15104K, reserved 1062912K
  class space    used 2125K, capacity 2210K, committed 2304K, reserved 1048576K
}
Event: 4.157 GC heap before
{Heap before GC invocations=7 (full 0):
 PSYoungGen      total 57856K, used 57709K [0x00000000eab00000, 0x00000000eec00000, 0x0000000100000000)
  eden space 52224K, 100% used [0x00000000eab00000,0x00000000ede00000,0x00000000ede00000)
  from space 5632K, 97% used [0x00000000ee480000,0x00000000ee9db730,0x00000000eea00000)
  to   space 6656K, 0% used [0x00000000ede00000,0x00000000ede00000,0x00000000ee480000)
 ParOldGen       total 35840K, used 5857K [0x00000000c0000000, 0x00000000c2300000, 0x00000000eab00000)
  object space 35840K, 16% used [0x00000000c0000000,0x00000000c05b87f8,0x00000000c2300000)
 Metaspace       used 20282K, capacity 20770K, committed 20992K, reserved 1067008K
  class space    used 2891K, capacity 3059K, committed 3072K, reserved 1048576K
Event: 4.176 GC heap after
Heap after GC invocations=7 (full 0):
 PSYoungGen      total 58880K, used 6634K [0x00000000eab00000, 0x00000000eec00000, 0x0000000100000000)
  eden space 52224K, 0% used [0x00000000eab00000,0x00000000eab00000,0x00000000ede00000)
  from space 6656K, 99% used [0x00000000ede00000,0x00000000ee47a950,0x00000000ee480000)
  to   space 5632K, 0% used [0x00000000ee480000,0x00000000ee480000,0x00000000eea00000)
 ParOldGen       total 35840K, used 9236K [0x00000000c0000000, 0x00000000c2300000, 0x00000000eab00000)
  object space 35840K, 25% used [0x00000000c0000000,0x00000000c0905208,0x00000000c2300000)
 Metaspace       used 20282K, capacity 20770K, committed 20992K, reserved 1067008K
  class space    used 2891K, capacity 3059K, committed 3072K, reserved 1048576K
}
Event: 4.210 GC heap before
{Heap before GC invocations=8 (full 0):
 PSYoungGen      total 58880K, used 7444K [0x00000000eab00000, 0x00000000eec00000, 0x0000000100000000)
  eden space 52224K, 1% used [0x00000000eab00000,0x00000000eabca940,0x00000000ede00000)
  from space 6656K, 99% used [0x00000000ede00000,0x00000000ee47a950,0x00000000ee480000)
  to   space 5632K, 0% used [0x00000000ee480000,0x00000000ee480000,0x00000000eea00000)
 ParOldGen       total 35840K, used 9236K [0x00000000c0000000, 0x00000000c2300000, 0x00000000eab00000)
  object space 35840K, 25% used [0x00000000c0000000,0x00000000c0905208,0x00000000c2300000)
 Metaspace       used 20757K, capacity 21186K, committed 21296K, reserved 1067008K
  class space    used 2937K, capacity 3091K, committed 3120K, reserved 1048576K
Event: 4.224 GC heap after
Heap after GC invocations=8 (full 0):
 PSYoungGen      total 57856K, used 5268K [0x00000000eab00000, 0x00000000eec00000, 0x0000000100000000)
  eden space 52224K, 0% used [0x00000000eab00000,0x00000000eab00000,0x00000000ede00000)
  from space 5632K, 93% used [0x00000000ee480000,0x00000000ee9a5040,0x00000000eea00000)
  to   space 6656K, 0% used [0x00000000ede00000,0x00000000ede00000,0x00000000ee480000)
 ParOldGen       total 35840K, used 9516K [0x00000000c0000000, 0x00000000c2300000, 0x00000000eab00000)
  object space 35840K, 26% used [0x00000000c0000000,0x00000000c094b208,0x00000000c2300000)
 Metaspace       used 20757K, capacity 21186K, committed 21296K, reserved 1067008K
  class space    used 2937K, capacity 3091K, committed 3120K, reserved 1048576K
}
Event: 4.224 GC heap before
{Heap before GC invocations=9 (full 1):
 PSYoungGen      total 57856K, used 5268K [0x00000000eab00000, 0x00000000eec00000, 0x0000000100000000)
  eden space 52224K, 0% used [0x00000000eab00000,0x00000000eab00000,0x00000000ede00000)
  from space 5632K, 93% used [0x00000000ee480000,0x00000000ee9a5040,0x00000000eea00000)
  to   space 6656K, 0% used [0x00000000ede00000,0x00000000ede00000,0x00000000ee480000)
 ParOldGen       total 35840K, used 9516K [0x00000000c0000000, 0x00000000c2300000, 0x00000000eab00000)
  object space 35840K, 26% used [0x00000000c0000000,0x00000000c094b208,0x00000000c2300000)
 Metaspace       used 20757K, capacity 21186K, committed 21296K, reserved 1067008K
  class space    used 2937K, capacity 3091K, committed 3120K, reserved 1048576K
Event: 4.313 GC heap after
Heap after GC invocations=9 (full 1):
 PSYoungGen      total 57856K, used 0K [0x00000000eab00000, 0x00000000eec00000, 0x0000000100000000)
  eden space 52224K, 0% used [0x00000000eab00000,0x00000000eab00000,0x00000000ede00000)
  from space 5632K, 0% used [0x00000000ee480000,0x00000000ee480000,0x00000000eea00000)
  to   space 6656K, 0% used [0x00000000ede00000,0x00000000ede00000,0x00000000ee480000)
 ParOldGen       total 28160K, used 8006K [0x00000000c0000000, 0x00000000c1b80000, 0x00000000eab00000)
  object space 28160K, 28% used [0x00000000c0000000,0x00000000c07d1918,0x00000000c1b80000)
 Metaspace       used 20757K, capacity 21186K, committed 21296K, reserved 1067008K
  class space    used 2937K, capacity 3091K, committed 3120K, reserved 1048576K
}
Event: 5.838 GC heap before
{Heap before GC invocations=10 (full 1):
 PSYoungGen      total 57856K, used 51771K [0x00000000eab00000, 0x00000000eec00000, 0x0000000100000000)
  eden space 52224K, 99% used [0x00000000eab00000,0x00000000edd8ed58,0x00000000ede00000)
  from space 5632K, 0% used [0x00000000ee480000,0x00000000ee480000,0x00000000eea00000)
  to   space 6656K, 0% used [0x00000000ede00000,0x00000000ede00000,0x00000000ee480000)
 ParOldGen       total 28160K, used 8006K [0x00000000c0000000, 0x00000000c1b80000, 0x00000000eab00000)
  object space 28160K, 28% used [0x00000000c0000000,0x00000000c07d1918,0x00000000c1b80000)
 Metaspace       used 26084K, capacity 26502K, committed 26672K, reserved 1073152K
  class space    used 3688K, capacity 3836K, committed 3888K, reserved 1048576K
Event: 5.849 GC heap after
Heap after GC invocations=10 (full 1):
 PSYoungGen      total 58880K, used 6523K [0x00000000eab00000, 0x00000000f0800000, 0x0000000100000000)
  eden space 52224K, 0% used [0x00000000eab00000,0x00000000eab00000,0x00000000ede00000)
  from space 6656K, 98% used [0x00000000ede00000,0x00000000ee45eda0,0x00000000ee480000)
  to   space 9216K, 0% used [0x00000000eff00000,0x00000000eff00000,0x00000000f0800000)
 ParOldGen       total 28160K, used 8014K [0x00000000c0000000, 0x00000000c1b80000, 0x00000000eab00000)
  object space 28160K, 28% used [0x00000000c0000000,0x00000000c07d3918,0x00000000c1b80000)
 Metaspace       used 26084K, capacity 26502K, committed 26672K, reserved 1073152K
  class space    used 3688K, capacity 3836K, committed 3888K, reserved 1048576K
}

