# JRE version: Java(TM) SE Runtime Environment (8.0_65-b17) (build 1.8.0_65-b17)
# Java VM: Java HotSpot(TM) 64-Bit Server VM (25.65-b01 mixed mode windows-amd64 compressed oops)
Heap:
 PSYoungGen      total 57856K, used 24898K [0x00000000eab00000, 0x00000000eec00000, 0x0000000100000000)
  eden space 52224K, 36% used [0x00000000eab00000,0x00000000ebdd0cc0,0x00000000ede00000)
  from space 5632K, 99% used [0x00000000ee480000,0x00000000ee9ffce0,0x00000000eea00000)
  to   space 6656K, 0% used [0x00000000ede00000,0x00000000ede00000,0x00000000ee480000)
 ParOldGen       total 35840K, used 16431K [0x00000000c0000000, 0x00000000c2300000, 0x00000000eab00000)
  object space 35840K, 45% used [0x00000000c0000000,0x00000000c100bde8,0x00000000c2300000)
 Metaspace       used 33912K, capacity 34690K, committed 34992K, reserved 1079296K
  class space    used 4962K, capacity 5179K, committed 5296K, reserved 1048576K
GC Heap History (10 events):
Event: 4.685 GC heap before
{Heap before GC invocations=7 (full 0):
 PSYoungGen      total 57856K, used 57670K [0x00000000eab00000, 0x00000000eec00000, 0x0000000100000000)
  eden space 52224K, 100% used [0x00000000eab00000,0x00000000ede00000,0x00000000ede00000)
  from space 5632K, 96% used [0x00000000ee480000,0x00000000ee9d1978,0x00000000eea00000)
  to   space 6656K, 0% used [0x00000000ede00000,0x00000000ede00000,0x00000000ee480000)
 ParOldGen       total 35840K, used 5789K [0x00000000c0000000, 0x00000000c2300000, 0x00000000eab00000)
  object space 35840K, 16% used [0x00000000c0000000,0x00000000c05a7750,0x00000000c2300000)
 Metaspace       used 20824K, capacity 21250K, committed 21296K, reserved 1067008K
  class space    used 2948K, capacity 3091K, committed 3120K, reserved 1048576K
Event: 4.715 GC heap after
Heap after GC invocations=7 (full 0):
 PSYoungGen      total 58880K, used 6650K [0x00000000eab00000, 0x00000000eec00000, 0x0000000100000000)
  eden space 52224K, 0% used [0x00000000eab00000,0x00000000eab00000,0x00000000ede00000)
  from space 6656K, 99% used [0x00000000ede00000,0x00000000ee47e940,0x00000000ee480000)
  to   space 5632K, 0% used [0x00000000ee480000,0x00000000ee480000,0x00000000eea00000)
 ParOldGen       total 35840K, used 9356K [0x00000000c0000000, 0x00000000c2300000, 0x00000000eab00000)
  object space 35840K, 26% used [0x00000000c0000000,0x00000000c0923068,0x00000000c2300000)
 Metaspace       used 20824K, capacity 21250K, committed 21296K, reserved 1067008K
  class space    used 2948K, capacity 3091K, committed 3120K, reserved 1048576K
}
Event: 4.715 GC heap before
{Heap before GC invocations=8 (full 1):
 PSYoungGen      total 58880K, used 6650K [0x00000000eab00000, 0x00000000eec00000, 0x0000000100000000)
  eden space 52224K, 0% used [0x00000000eab00000,0x00000000eab00000,0x00000000ede00000)
  from space 6656K, 99% used [0x00000000ede00000,0x00000000ee47e940,0x00000000ee480000)
  to   space 5632K, 0% used [0x00000000ee480000,0x00000000ee480000,0x00000000eea00000)
 ParOldGen       total 35840K, used 9356K [0x00000000c0000000, 0x00000000c2300000, 0x00000000eab00000)
  object space 35840K, 26% used [0x00000000c0000000,0x00000000c0923068,0x00000000c2300000)
 Metaspace       used 20824K, capacity 21250K, committed 21296K, reserved 1067008K
  class space    used 2948K, capacity 3091K, committed 3120K, reserved 1048576K
Event: 4.773 GC heap after
Heap after GC invocations=8 (full 1):
 PSYoungGen      total 58880K, used 0K [0x00000000eab00000, 0x00000000eec00000, 0x0000000100000000)
  eden space 52224K, 0% used [0x00000000eab00000,0x00000000eab00000,0x00000000ede00000)
  from space 6656K, 0% used [0x00000000ede00000,0x00000000ede00000,0x00000000ee480000)
  to   space 5632K, 0% used [0x00000000ee480000,0x00000000ee480000,0x00000000eea00000)
 ParOldGen       total 35840K, used 11687K [0x00000000c0000000, 0x00000000c2300000, 0x00000000eab00000)
  object space 35840K, 32% used [0x00000000c0000000,0x00000000c0b69df8,0x00000000c2300000)
 Metaspace       used 20824K, capacity 21250K, committed 21296K, reserved 1067008K
  class space    used 2948K, capacity 3091K, committed 3120K, reserved 1048576K
}
Event: 6.314 GC heap before
{Heap before GC invocations=9 (full 1):
 PSYoungGen      total 58880K, used 51789K [0x00000000eab00000, 0x00000000eec00000, 0x0000000100000000)
  eden space 52224K, 99% used [0x00000000eab00000,0x00000000edd937a8,0x00000000ede00000)
  from space 6656K, 0% used [0x00000000ede00000,0x00000000ede00000,0x00000000ee480000)
  to   space 5632K, 0% used [0x00000000ee480000,0x00000000ee480000,0x00000000eea00000)
 ParOldGen       total 35840K, used 11687K [0x00000000c0000000, 0x00000000c2300000, 0x00000000eab00000)
  object space 35840K, 32% used [0x00000000c0000000,0x00000000c0b69df8,0x00000000c2300000)
 Metaspace       used 26068K, capacity 26502K, committed 26672K, reserved 1073152K
  class space    used 3688K, capacity 3836K, committed 3888K, reserved 1048576K
Event: 6.322 GC heap after
Heap after GC invocations=9 (full 1):
 PSYoungGen      total 57856K, used 5608K [0x00000000eab00000, 0x00000000eec00000, 0x0000000100000000)
  eden space 52224K, 0% used [0x00000000eab00000,0x00000000eab00000,0x00000000ede00000)
  from space 5632K, 99% used [0x00000000ee480000,0x00000000ee9fa250,0x00000000eea00000)
  to   space 6656K, 0% used [0x00000000ede00000,0x00000000ede00000,0x00000000ee480000)
 ParOldGen       total 35840K, used 12585K [0x00000000c0000000, 0x00000000c2300000, 0x00000000eab00000)
  object space 35840K, 35% used [0x00000000c0000000,0x00000000c0c4a488,0x00000000c2300000)
 Metaspace       used 26068K, capacity 26502K, committed 26672K, reserved 1073152K
  class space    used 3688K, capacity 3836K, committed 3888K, reserved 1048576K
}
Event: 7.315 GC heap before
{Heap before GC invocations=10 (full 1):
 PSYoungGen      total 57856K, used 57832K [0x00000000eab00000, 0x00000000eec00000, 0x0000000100000000)
  eden space 52224K, 100% used [0x00000000eab00000,0x00000000ede00000,0x00000000ede00000)
  from space 5632K, 99% used [0x00000000ee480000,0x00000000ee9fa250,0x00000000eea00000)
  to   space 6656K, 0% used [0x00000000ede00000,0x00000000ede00000,0x00000000ee480000)
 ParOldGen       total 35840K, used 12585K [0x00000000c0000000, 0x00000000c2300000, 0x00000000eab00000)
  object space 35840K, 35% used [0x00000000c0000000,0x00000000c0c4a488,0x00000000c2300000)
 Metaspace       used 29364K, capacity 29972K, committed 30256K, reserved 1075200K
  class space    used 4155K, capacity 4329K, committed 4400K, reserved 1048576K
Event: 7.334 GC heap after
Heap after GC invocations=10 (full 1):
 PSYoungGen      total 58880K, used 6630K [0x00000000eab00000, 0x00000000eec00000, 0x0000000100000000)
  eden space 52224K, 0% used [0x00000000eab00000,0x00000000eab00000,0x00000000ede00000)
  from space 6656K, 99% used [0x00000000ede00000,0x00000000ee479a48,0x00000000ee480000)
  to   space 5632K, 0% used [0x00000000ee480000,0x00000000ee480000,0x00000000eea00000)
 ParOldGen       total 35840K, used 13110K [0x00000000c0000000, 0x00000000c2300000, 0x00000000eab00000)
  object space 35840K, 36% used [0x00000000c0000000,0x00000000c0ccd900,0x00000000c2300000)
 Metaspace       used 29364K, capacity 29972K, committed 30256K, reserved 1075200K
  class space    used 4155K, capacity 4329K, committed 4400K, reserved 1048576K
}
Event: 8.617 GC heap before
{Heap before GC invocations=11 (full 1):
 PSYoungGen      total 58880K, used 58854K [0x00000000eab00000, 0x00000000eec00000, 0x0000000100000000)
  eden space 52224K, 100% used [0x00000000eab00000,0x00000000ede00000,0x00000000ede00000)
  from space 6656K, 99% used [0x00000000ede00000,0x00000000ee479a48,0x00000000ee480000)
  to   space 5632K, 0% used [0x00000000ee480000,0x00000000ee480000,0x00000000eea00000)
 ParOldGen       total 35840K, used 13110K [0x00000000c0000000, 0x00000000c2300000, 0x00000000eab00000)
  object space 35840K, 36% used [0x00000000c0000000,0x00000000c0ccd900,0x00000000c2300000)
 Metaspace       used 32522K, capacity 33086K, committed 33456K, reserved 1077248K
  class space    used 4718K, capacity 4914K, committed 5040K, reserved 1048576K
Event: 8.632 GC heap after
Heap after GC invocations=11 (full 1):
 PSYoungGen      total 57856K, used 5631K [0x00000000eab00000, 0x00000000eec00000, 0x0000000100000000)
  eden space 52224K, 0% used [0x00000000eab00000,0x00000000eab00000,0x00000000ede00000)
  from space 5632K, 99% used [0x00000000ee480000,0x00000000ee9ffce0,0x00000000eea00000)
  to   space 6656K, 0% used [0x00000000ede00000,0x00000000ede00000,0x00000000ee480000)
 ParOldGen       total 35840K, used 16431K [0x00000000c0000000, 0x00000000c2300000, 0x00000000eab00000)
  object space 35840K, 45% used [0x00000000c0000000,0x00000000c100bde8,0x00000000c2300000)
 Metaspace       used 32522K, capacity 33086K, committed 33456K, reserved 1077248K
  class space    used 4718K, capacity 4914K, committed 5040K, reserved 1048576K
}

